
*** Running vivado
    with args -log robot.vdi -applog -m64 -product Vivado -messageDb vivado.pb -mode batch -source robot.tcl -notrace


****** Vivado v2017.2 (64-bit)
  **** SW Build 1909853 on Thu Jun 15 18:39:09 MDT 2017
  **** IP Build 1909766 on Thu Jun 15 19:58:00 MDT 2017
    ** Copyright 1986-2017 Xilinx, Inc. All Rights Reserved.

source robot.tcl -notrace
Design is defaulting to srcset: sources_1
Design is defaulting to constrset: constrs_1
INFO: [Netlist 29-17] Analyzing 4 Unisim elements for replacement
INFO: [Netlist 29-28] Unisim Transformation completed in 0 CPU seconds
INFO: [Project 1-479] Netlist was created with Vivado 2017.2
INFO: [Device 21-403] Loading part xc7z010clg400-1
INFO: [Project 1-570] Preparing netlist for logic optimization
Parsing XDC File [D:/Classes/Embedded/EmbeddedFinal/Final/Final.srcs/constrs_1/imports/Downloads/ZYBO_Master.xdc]
WARNING: [Vivado 12-584] No ports matched 's1a'. [D:/Classes/Embedded/EmbeddedFinal/Final/Final.srcs/constrs_1/imports/Downloads/ZYBO_Master.xdc:72]
CRITICAL WARNING: [Common 17-55] 'set_property' expects at least one object. [D:/Classes/Embedded/EmbeddedFinal/Final/Final.srcs/constrs_1/imports/Downloads/ZYBO_Master.xdc:72]
Resolution: If [get_<value>] was used to populate the object, check to make sure this command returns at least one valid object.
WARNING: [Vivado 12-584] No ports matched 's1b'. [D:/Classes/Embedded/EmbeddedFinal/Final/Final.srcs/constrs_1/imports/Downloads/ZYBO_Master.xdc:73]
CRITICAL WARNING: [Common 17-55] 'set_property' expects at least one object. [D:/Classes/Embedded/EmbeddedFinal/Final/Final.srcs/constrs_1/imports/Downloads/ZYBO_Master.xdc:73]
Resolution: If [get_<value>] was used to populate the object, check to make sure this command returns at least one valid object.
WARNING: [Vivado 12-584] No ports matched 's2a'. [D:/Classes/Embedded/EmbeddedFinal/Final/Final.srcs/constrs_1/imports/Downloads/ZYBO_Master.xdc:76]
CRITICAL WARNING: [Common 17-55] 'set_property' expects at least one object. [D:/Classes/Embedded/EmbeddedFinal/Final/Final.srcs/constrs_1/imports/Downloads/ZYBO_Master.xdc:76]
Resolution: If [get_<value>] was used to populate the object, check to make sure this command returns at least one valid object.
WARNING: [Vivado 12-584] No ports matched 's2b'. [D:/Classes/Embedded/EmbeddedFinal/Final/Final.srcs/constrs_1/imports/Downloads/ZYBO_Master.xdc:77]
CRITICAL WARNING: [Common 17-55] 'set_property' expects at least one object. [D:/Classes/Embedded/EmbeddedFinal/Final/Final.srcs/constrs_1/imports/Downloads/ZYBO_Master.xdc:77]
Resolution: If [get_<value>] was used to populate the object, check to make sure this command returns at least one valid object.
WARNING: [Vivado 12-584] No ports matched 'rts'. [D:/Classes/Embedded/EmbeddedFinal/Final/Final.srcs/constrs_1/imports/Downloads/ZYBO_Master.xdc:81]
CRITICAL WARNING: [Common 17-55] 'set_property' expects at least one object. [D:/Classes/Embedded/EmbeddedFinal/Final/Final.srcs/constrs_1/imports/Downloads/ZYBO_Master.xdc:81]
Resolution: If [get_<value>] was used to populate the object, check to make sure this command returns at least one valid object.
WARNING: [Vivado 12-584] No ports matched 'cts'. [D:/Classes/Embedded/EmbeddedFinal/Final/Final.srcs/constrs_1/imports/Downloads/ZYBO_Master.xdc:84]
CRITICAL WARNING: [Common 17-55] 'set_property' expects at least one object. [D:/Classes/Embedded/EmbeddedFinal/Final/Final.srcs/constrs_1/imports/Downloads/ZYBO_Master.xdc:84]
Resolution: If [get_<value>] was used to populate the object, check to make sure this command returns at least one valid object.
Finished Parsing XDC File [D:/Classes/Embedded/EmbeddedFinal/Final/Final.srcs/constrs_1/imports/Downloads/ZYBO_Master.xdc]
INFO: [Opt 31-138] Pushed 0 inverter(s) to 0 load pin(s).
INFO: [Project 1-111] Unisim Transformation Summary:
No Unisim elements were transformed.

link_design: Time (s): cpu = 00:00:22 ; elapsed = 00:00:24 . Memory (MB): peak = 503.348 ; gain = 266.973
Command: opt_design
Attempting to get a license for feature 'Implementation' and/or device 'xc7z010-clg400'
INFO: [Common 17-349] Got license for feature 'Implementation' and/or device 'xc7z010-clg400'
Running DRC as a precondition to command opt_design

Starting DRC Task
Command: report_drc (run_mandatory_drcs) for: opt_checks
INFO: [DRC 23-27] Running DRC with 2 threads
report_drc (run_mandatory_drcs) completed successfully
INFO: [Project 1-461] DRC finished with 0 Errors
INFO: [Project 1-462] Please refer to the DRC report (report_drc) for more information.

Time (s): cpu = 00:00:03 ; elapsed = 00:00:02 . Memory (MB): peak = 513.992 ; gain = 10.645
INFO: [Timing 38-35] Done setting XDC timing constraints.

Starting Logic Optimization Task

Phase 1 Retarget
INFO: [Opt 31-138] Pushed 0 inverter(s) to 0 load pin(s).
INFO: [Opt 31-49] Retargeted 0 cell(s).
Phase 1 Retarget | Checksum: 1ebc89eaa

Time (s): cpu = 00:00:00 ; elapsed = 00:00:00.032 . Memory (MB): peak = 1007.605 ; gain = 0.000
INFO: [Opt 31-389] Phase Retarget created 0 cells and removed 0 cells

Phase 2 Constant propagation
INFO: [Opt 31-138] Pushed 0 inverter(s) to 0 load pin(s).
Phase 2 Constant propagation | Checksum: 1ebc89eaa

Time (s): cpu = 00:00:00 ; elapsed = 00:00:00.042 . Memory (MB): peak = 1007.605 ; gain = 0.000
INFO: [Opt 31-389] Phase Constant propagation created 0 cells and removed 0 cells

Phase 3 Sweep
Phase 3 Sweep | Checksum: 204a03e31

Time (s): cpu = 00:00:00 ; elapsed = 00:00:00.051 . Memory (MB): peak = 1007.605 ; gain = 0.000
INFO: [Opt 31-389] Phase Sweep created 0 cells and removed 0 cells

Phase 4 BUFG optimization
Phase 4 BUFG optimization | Checksum: 204a03e31

Time (s): cpu = 00:00:00 ; elapsed = 00:00:00.062 . Memory (MB): peak = 1007.605 ; gain = 0.000
INFO: [Opt 31-389] Phase BUFG optimization created 0 cells and removed 0 cells

Phase 5 Shift Register Optimization
Phase 5 Shift Register Optimization | Checksum: 204a03e31

Time (s): cpu = 00:00:00 ; elapsed = 00:00:00.064 . Memory (MB): peak = 1007.605 ; gain = 0.000
INFO: [Opt 31-389] Phase Shift Register Optimization created 0 cells and removed 0 cells

Starting Connectivity Check Task

Time (s): cpu = 00:00:00 ; elapsed = 00:00:00.002 . Memory (MB): peak = 1007.605 ; gain = 0.000
Ending Logic Optimization Task | Checksum: 204a03e31

Time (s): cpu = 00:00:00 ; elapsed = 00:00:00.069 . Memory (MB): peak = 1007.605 ; gain = 0.000

Starting Power Optimization Task
INFO: [Pwropt 34-132] Skipping clock gating for clocks with a period < 2.00 ns.
Ending Power Optimization Task | Checksum: 20eeff91b

Time (s): cpu = 00:00:00 ; elapsed = 00:00:00.025 . Memory (MB): peak = 1007.605 ; gain = 0.000
21 Infos, 6 Warnings, 6 Critical Warnings and 0 Errors encountered.
opt_design completed successfully
opt_design: Time (s): cpu = 00:00:50 ; elapsed = 00:00:49 . Memory (MB): peak = 1007.605 ; gain = 504.258
Writing placer database...
Writing XDEF routing.
Writing XDEF routing logical nets.
Writing XDEF routing special nets.
Write XDEF Complete: Time (s): cpu = 00:00:01 ; elapsed = 00:00:00.220 . Memory (MB): peak = 1007.605 ; gain = 0.000
INFO: [Common 17-1381] The checkpoint 'D:/Classes/Embedded/EmbeddedFinal/Final/Final.runs/impl_1/robot_opt.dcp' has been generated.
Command: report_drc -file robot_drc_opted.rpt
INFO: [DRC 23-27] Running DRC with 2 threads
INFO: [Coretcl 2-168] The results of DRC are in file D:/Classes/Embedded/EmbeddedFinal/Final/Final.runs/impl_1/robot_drc_opted.rpt.
report_drc completed successfully
INFO: [Chipscope 16-241] No debug cores found in the current design.
Before running the implement_debug_core command, either use the Set Up Debug wizard (GUI mode)
or use the create_debug_core and connect_debug_core Tcl commands to insert debug cores into the design.
Command: place_design
Attempting to get a license for feature 'Implementation' and/or device 'xc7z010-clg400'
INFO: [Common 17-349] Got license for feature 'Implementation' and/or device 'xc7z010-clg400'
Command: report_drc (run_mandatory_drcs) for: incr_eco_checks
INFO: [DRC 23-27] Running DRC with 2 threads
report_drc (run_mandatory_drcs) completed successfully
INFO: [Vivado_Tcl 4-198] DRC finished with 0 Errors
INFO: [Vivado_Tcl 4-199] Please refer to the DRC report (report_drc) for more information.
Running DRC as a precondition to command place_design
Command: report_drc (run_mandatory_drcs) for: placer_checks
INFO: [DRC 23-27] Running DRC with 2 threads
report_drc (run_mandatory_drcs) completed successfully
INFO: [Vivado_Tcl 4-198] DRC finished with 0 Errors
INFO: [Vivado_Tcl 4-199] Please refer to the DRC report (report_drc) for more information.

Starting Placer Task
INFO: [Place 30-611] Multithreading enabled for place_design using a maximum of 2 CPUs

Phase 1 Placer Initialization

Phase 1.1 Placer Initialization Netlist Sorting
Netlist sorting complete. Time (s): cpu = 00:00:00 ; elapsed = 00:00:00.001 . Memory (MB): peak = 1007.605 ; gain = 0.000
Phase 1.1 Placer Initialization Netlist Sorting | Checksum: 1118fde47

Time (s): cpu = 00:00:00 ; elapsed = 00:00:00.011 . Memory (MB): peak = 1007.605 ; gain = 0.000
Netlist sorting complete. Time (s): cpu = 00:00:00 ; elapsed = 00:00:00.001 . Memory (MB): peak = 1007.605 ; gain = 0.000

Phase 1.2 IO Placement/ Clock Placement/ Build Placer Device
INFO: [Timing 38-35] Done setting XDC timing constraints.
Phase 1.2 IO Placement/ Clock Placement/ Build Placer Device | Checksum: 19c85127a

Time (s): cpu = 00:00:01 ; elapsed = 00:00:01 . Memory (MB): peak = 1007.605 ; gain = 0.000

Phase 1.3 Build Placer Netlist Model
Phase 1.3 Build Placer Netlist Model | Checksum: 1c8219df1

Time (s): cpu = 00:00:01 ; elapsed = 00:00:01 . Memory (MB): peak = 1007.605 ; gain = 0.000

Phase 1.4 Constrain Clocks/Macros
Phase 1.4 Constrain Clocks/Macros | Checksum: 1c8219df1

Time (s): cpu = 00:00:01 ; elapsed = 00:00:01 . Memory (MB): peak = 1007.605 ; gain = 0.000
Phase 1 Placer Initialization | Checksum: 1c8219df1

Time (s): cpu = 00:00:01 ; elapsed = 00:00:01 . Memory (MB): peak = 1007.605 ; gain = 0.000

Phase 2 Global Placement
Phase 2 Global Placement | Checksum: 1f2cab979

Time (s): cpu = 00:00:02 ; elapsed = 00:00:02 . Memory (MB): peak = 1007.605 ; gain = 0.000

Phase 3 Detail Placement

Phase 3.1 Commit Multi Column Macros
Phase 3.1 Commit Multi Column Macros | Checksum: 1f2cab979

Time (s): cpu = 00:00:02 ; elapsed = 00:00:02 . Memory (MB): peak = 1007.605 ; gain = 0.000

Phase 3.2 Commit Most Macros & LUTRAMs
Phase 3.2 Commit Most Macros & LUTRAMs | Checksum: 1babdff92

Time (s): cpu = 00:00:03 ; elapsed = 00:00:02 . Memory (MB): peak = 1007.605 ; gain = 0.000

Phase 3.3 Area Swap Optimization
Phase 3.3 Area Swap Optimization | Checksum: 1ae6b2d82

Time (s): cpu = 00:00:03 ; elapsed = 00:00:02 . Memory (MB): peak = 1007.605 ; gain = 0.000

Phase 3.4 Pipeline Register Optimization
Phase 3.4 Pipeline Register Optimization | Checksum: 1ae6b2d82

Time (s): cpu = 00:00:03 ; elapsed = 00:00:02 . Memory (MB): peak = 1007.605 ; gain = 0.000

Phase 3.5 Timing Path Optimizer
Phase 3.5 Timing Path Optimizer | Checksum: 1a2cf3c7a

Time (s): cpu = 00:00:03 ; elapsed = 00:00:02 . Memory (MB): peak = 1007.605 ; gain = 0.000

Phase 3.6 Small Shape Detail Placement
Phase 3.6 Small Shape Detail Placement | Checksum: 17b2e5b95

Time (s): cpu = 00:00:03 ; elapsed = 00:00:02 . Memory (MB): peak = 1007.605 ; gain = 0.000

Phase 3.7 Re-assign LUT pins
Phase 3.7 Re-assign LUT pins | Checksum: 16745099d

Time (s): cpu = 00:00:03 ; elapsed = 00:00:02 . Memory (MB): peak = 1007.605 ; gain = 0.000

Phase 3.8 Pipeline Register Optimization
Phase 3.8 Pipeline Register Optimization | Checksum: 16745099d

Time (s): cpu = 00:00:03 ; elapsed = 00:00:02 . Memory (MB): peak = 1007.605 ; gain = 0.000
Phase 3 Detail Placement | Checksum: 16745099d

Time (s): cpu = 00:00:03 ; elapsed = 00:00:02 . Memory (MB): peak = 1007.605 ; gain = 0.000

Phase 4 Post Placement Optimization and Clean-Up

Phase 4.1 Post Commit Optimization
INFO: [Timing 38-35] Done setting XDC timing constraints.

Phase 4.1.1 Post Placement Optimization
Post Placement Optimization Initialization | Checksum: f8010b38

Phase 4.1.1.1 BUFG Insertion
INFO: [Physopt 32-721] Multithreading enabled for phys_opt_design using a maximum of 2 CPUs
INFO: [Place 46-41] BUFG insertion identified 0 candidate nets, 0 success, 0 skipped for placement/routing, 0 skipped for timing, 0 skipped for netlist change reason.
Phase 4.1.1.1 BUFG Insertion | Checksum: f8010b38

Time (s): cpu = 00:00:03 ; elapsed = 00:00:03 . Memory (MB): peak = 1007.605 ; gain = 0.000
INFO: [Place 30-746] Post Placement Timing Summary WNS=4.591. For the most accurate timing information please run report_timing.
Phase 4.1.1 Post Placement Optimization | Checksum: a4a722e1

Time (s): cpu = 00:00:03 ; elapsed = 00:00:03 . Memory (MB): peak = 1007.605 ; gain = 0.000
Phase 4.1 Post Commit Optimization | Checksum: a4a722e1

Time (s): cpu = 00:00:03 ; elapsed = 00:00:03 . Memory (MB): peak = 1007.605 ; gain = 0.000

Phase 4.2 Post Placement Cleanup
Phase 4.2 Post Placement Cleanup | Checksum: a4a722e1

Time (s): cpu = 00:00:03 ; elapsed = 00:00:03 . Memory (MB): peak = 1007.605 ; gain = 0.000

Phase 4.3 Placer Reporting
Phase 4.3 Placer Reporting | Checksum: a4a722e1

Time (s): cpu = 00:00:03 ; elapsed = 00:00:03 . Memory (MB): peak = 1007.605 ; gain = 0.000

Phase 4.4 Final Placement Cleanup
Phase 4.4 Final Placement Cleanup | Checksum: 6876de9f

Time (s): cpu = 00:00:03 ; elapsed = 00:00:03 . Memory (MB): peak = 1007.605 ; gain = 0.000
Phase 4 Post Placement Optimization and Clean-Up | Checksum: 6876de9f

Time (s): cpu = 00:00:03 ; elapsed = 00:00:03 . Memory (MB): peak = 1007.605 ; gain = 0.000
Ending Placer Task | Checksum: 5f03e41c

Time (s): cpu = 00:00:03 ; elapsed = 00:00:03 . Memory (MB): peak = 1007.605 ; gain = 0.000
38 Infos, 6 Warnings, 6 Critical Warnings and 0 Errors encountered.
place_design completed successfully
place_design: Time (s): cpu = 00:00:08 ; elapsed = 00:00:05 . Memory (MB): peak = 1007.605 ; gain = 0.000
Writing placer database...
Writing XDEF routing.
Writing XDEF routing logical nets.
Writing XDEF routing special nets.
Write XDEF Complete: Time (s): cpu = 00:00:01 ; elapsed = 00:00:00.247 . Memory (MB): peak = 1007.605 ; gain = 0.000
INFO: [Common 17-1381] The checkpoint 'D:/Classes/Embedded/EmbeddedFinal/Final/Final.runs/impl_1/robot_placed.dcp' has been generated.
report_io: Time (s): cpu = 00:00:00 ; elapsed = 00:00:00.178 . Memory (MB): peak = 1007.605 ; gain = 0.000
report_utilization: Time (s): cpu = 00:00:00 ; elapsed = 00:00:00.069 . Memory (MB): peak = 1007.605 ; gain = 0.000
report_control_sets: Time (s): cpu = 00:00:00 ; elapsed = 00:00:00.016 . Memory (MB): peak = 1007.605 ; gain = 0.000
Command: route_design
Attempting to get a license for feature 'Implementation' and/or device 'xc7z010-clg400'
INFO: [Common 17-349] Got license for feature 'Implementation' and/or device 'xc7z010-clg400'
Running DRC as a precondition to command route_design
Command: report_drc (run_mandatory_drcs) for: router_checks
INFO: [DRC 23-27] Running DRC with 2 threads
report_drc (run_mandatory_drcs) completed successfully
INFO: [Vivado_Tcl 4-198] DRC finished with 0 Errors
INFO: [Vivado_Tcl 4-199] Please refer to the DRC report (report_drc) for more information.


Starting Routing Task
INFO: [Route 35-254] Multithreading enabled for route_design using a maximum of 2 CPUs
Checksum: PlaceDB: 1f3d7c23 ConstDB: 0 ShapeSum: 3fc667f9 RouteDB: 0

Phase 1 Build RT Design
Phase 1 Build RT Design | Checksum: a4e1113b

Time (s): cpu = 00:00:48 ; elapsed = 00:00:44 . Memory (MB): peak = 1088.742 ; gain = 80.887

Phase 2 Router Initialization

Phase 2.1 Create Timer
Phase 2.1 Create Timer | Checksum: a4e1113b

Time (s): cpu = 00:00:48 ; elapsed = 00:00:44 . Memory (MB): peak = 1088.742 ; gain = 80.887

Phase 2.2 Fix Topology Constraints
Phase 2.2 Fix Topology Constraints | Checksum: a4e1113b

Time (s): cpu = 00:00:48 ; elapsed = 00:00:44 . Memory (MB): peak = 1088.742 ; gain = 80.887

Phase 2.3 Pre Route Cleanup
Phase 2.3 Pre Route Cleanup | Checksum: a4e1113b

Time (s): cpu = 00:00:48 ; elapsed = 00:00:44 . Memory (MB): peak = 1088.742 ; gain = 80.887
 Number of Nodes with overlaps = 0

Phase 2.4 Update Timing
Phase 2.4 Update Timing | Checksum: 1bd41a725

Time (s): cpu = 00:00:48 ; elapsed = 00:00:44 . Memory (MB): peak = 1088.742 ; gain = 80.887
INFO: [Route 35-416] Intermediate Timing Summary | WNS=4.517  | TNS=0.000  | WHS=-0.117 | THS=-2.016 |

Phase 2 Router Initialization | Checksum: 12e4ce1a0

Time (s): cpu = 00:00:48 ; elapsed = 00:00:44 . Memory (MB): peak = 1088.742 ; gain = 80.887

Phase 3 Initial Routing
Phase 3 Initial Routing | Checksum: 101517d49

Time (s): cpu = 00:00:49 ; elapsed = 00:00:44 . Memory (MB): peak = 1088.742 ; gain = 80.887

Phase 4 Rip-up And Reroute

Phase 4.1 Global Iteration 0
 Number of Nodes with overlaps = 9
 Number of Nodes with overlaps = 0
INFO: [Route 35-416] Intermediate Timing Summary | WNS=4.098  | TNS=0.000  | WHS=N/A    | THS=N/A    |

Phase 4.1 Global Iteration 0 | Checksum: d68f1d0e

Time (s): cpu = 00:00:49 ; elapsed = 00:00:45 . Memory (MB): peak = 1088.742 ; gain = 80.887
Phase 4 Rip-up And Reroute | Checksum: d68f1d0e

Time (s): cpu = 00:00:49 ; elapsed = 00:00:45 . Memory (MB): peak = 1088.742 ; gain = 80.887

Phase 5 Delay and Skew Optimization

Phase 5.1 Delay CleanUp

Phase 5.1.1 Update Timing
Phase 5.1.1 Update Timing | Checksum: 197703e3e

Time (s): cpu = 00:00:49 ; elapsed = 00:00:45 . Memory (MB): peak = 1088.742 ; gain = 80.887
INFO: [Route 35-416] Intermediate Timing Summary | WNS=4.251  | TNS=0.000  | WHS=N/A    | THS=N/A    |

Phase 5.1 Delay CleanUp | Checksum: 197703e3e

Time (s): cpu = 00:00:49 ; elapsed = 00:00:45 . Memory (MB): peak = 1088.742 ; gain = 80.887

Phase 5.2 Clock Skew Optimization
Phase 5.2 Clock Skew Optimization | Checksum: 197703e3e

Time (s): cpu = 00:00:49 ; elapsed = 00:00:45 . Memory (MB): peak = 1088.742 ; gain = 80.887
Phase 5 Delay and Skew Optimization | Checksum: 197703e3e

Time (s): cpu = 00:00:49 ; elapsed = 00:00:45 . Memory (MB): peak = 1088.742 ; gain = 80.887

Phase 6 Post Hold Fix

Phase 6.1 Hold Fix Iter

Phase 6.1.1 Update Timing
Phase 6.1.1 Update Timing | Checksum: 115b71373

Time (s): cpu = 00:00:49 ; elapsed = 00:00:45 . Memory (MB): peak = 1088.742 ; gain = 80.887
INFO: [Route 35-416] Intermediate Timing Summary | WNS=4.251  | TNS=0.000  | WHS=0.170  | THS=0.000  |

Phase 6.1 Hold Fix Iter | Checksum: 186f1a988

Time (s): cpu = 00:00:49 ; elapsed = 00:00:45 . Memory (MB): peak = 1088.742 ; gain = 80.887
Phase 6 Post Hold Fix | Checksum: 186f1a988

Time (s): cpu = 00:00:49 ; elapsed = 00:00:45 . Memory (MB): peak = 1088.742 ; gain = 80.887

Phase 7 Route finalize

Router Utilization Summary
  Global Vertical Routing Utilization    = 0.0344876 %
  Global Horizontal Routing Utilization  = 0.0199908 %
  Routable Net Status*
  *Does not include unroutable nets such as driverless and loadless.
  Run report_route_status for detailed report.
  Number of Failed Nets               = 0
  Number of Unrouted Nets             = 0
  Number of Partially Routed Nets     = 0
  Number of Node Overlaps             = 0

Phase 7 Route finalize | Checksum: db8bacd7

Time (s): cpu = 00:00:49 ; elapsed = 00:00:45 . Memory (MB): peak = 1088.742 ; gain = 80.887

Phase 8 Verifying routed nets

 Verification completed successfully
Phase 8 Verifying routed nets | Checksum: db8bacd7

Time (s): cpu = 00:00:49 ; elapsed = 00:00:45 . Memory (MB): peak = 1088.742 ; gain = 80.887

Phase 9 Depositing Routes
Phase 9 Depositing Routes | Checksum: 101b7935c

Time (s): cpu = 00:00:49 ; elapsed = 00:00:45 . Memory (MB): peak = 1088.742 ; gain = 80.887

Phase 10 Post Router Timing
INFO: [Route 35-57] Estimated Timing Summary | WNS=4.251  | TNS=0.000  | WHS=0.170  | THS=0.000  |

INFO: [Route 35-327] The final timing numbers are based on the router estimated timing analysis. For a complete and accurate timing signoff, please run report_timing_summary.
Phase 10 Post Router Timing | Checksum: 101b7935c

Time (s): cpu = 00:00:49 ; elapsed = 00:00:45 . Memory (MB): peak = 1088.742 ; gain = 80.887
INFO: [Route 35-16] Router Completed Successfully

Time (s): cpu = 00:00:49 ; elapsed = 00:00:45 . Memory (MB): peak = 1088.742 ; gain = 80.887

Routing Is Done.
51 Infos, 6 Warnings, 6 Critical Warnings and 0 Errors encountered.
route_design completed successfully
route_design: Time (s): cpu = 00:00:54 ; elapsed = 00:00:47 . Memory (MB): peak = 1088.742 ; gain = 81.137
Writing placer database...
Writing XDEF routing.
Writing XDEF routing logical nets.
Writing XDEF routing special nets.
Write XDEF Complete: Time (s): cpu = 00:00:00 ; elapsed = 00:00:00.272 . Memory (MB): peak = 1088.742 ; gain = 0.000
INFO: [Common 17-1381] The checkpoint 'D:/Classes/Embedded/EmbeddedFinal/Final/Final.runs/impl_1/robot_routed.dcp' has been generated.
Command: report_drc -file robot_drc_routed.rpt -pb robot_drc_routed.pb -rpx robot_drc_routed.rpx
INFO: [DRC 23-27] Running DRC with 2 threads
INFO: [Coretcl 2-168] The results of DRC are in file D:/Classes/Embedded/EmbeddedFinal/Final/Final.runs/impl_1/robot_drc_routed.rpt.
report_drc completed successfully
Command: report_methodology -file robot_methodology_drc_routed.rpt -rpx robot_methodology_drc_routed.rpx
INFO: [Timing 38-35] Done setting XDC timing constraints.
INFO: [DRC 23-133] Running Methodology with 2 threads
INFO: [Coretcl 2-1520] The results of Report Methodology are in file D:/Classes/Embedded/EmbeddedFinal/Final/Final.runs/impl_1/robot_methodology_drc_routed.rpt.
report_methodology completed successfully
Command: report_power -file robot_power_routed.rpt -pb robot_power_summary_routed.pb -rpx robot_power_routed.rpx
INFO: [Timing 38-35] Done setting XDC timing constraints.
Running Vector-less Activity Propagation...

Finished Running Vector-less Activity Propagation
58 Infos, 6 Warnings, 6 Critical Warnings and 0 Errors encountered.
report_power completed successfully
INFO: [Timing 38-91] UpdateTimingParams: Speed grade: -1, Delay Type: min_max.
INFO: [Timing 38-191] Multithreading enabled for timing update using a maximum of 2 CPUs
Command: write_bitstream -force robot.bit
Attempting to get a license for feature 'Implementation' and/or device 'xc7z010-clg400'
INFO: [Common 17-349] Got license for feature 'Implementation' and/or device 'xc7z010-clg400'
Running DRC as a precondition to command write_bitstream
Command: report_drc (run_mandatory_drcs) for: bitstream_checks
INFO: [DRC 23-27] Running DRC with 2 threads
WARNING: [DRC ZPS7-1] PS7 block required: The PS7 cell must be used in this Zynq design in order to enable correct default configuration.
report_drc (run_mandatory_drcs) completed successfully
INFO: [Vivado 12-3199] DRC finished with 0 Errors, 1 Warnings
INFO: [Vivado 12-3200] Please refer to the DRC report (report_drc) for more information.
INFO: [Project 1-821] Please set project.enableDesignId to be 'true'.
INFO: [Designutils 20-2272] Running write_bitstream with 2 threads.
Loading data files...
Loading site data...
Loading route data...
Processing options...
Creating bitmap...
Creating bitstream...
Writing bitstream ./robot.bit...
INFO: [Vivado 12-1842] Bitgen Completed Successfully.
INFO: [Project 1-120] WebTalk data collection is mandatory when using a WebPACK part without a full Vivado license. To see the specific WebTalk data collected for your design, open the usage_statistics_webtalk.html or usage_statistics_webtalk.xml file in the implementation directory.
INFO: [Common 17-186] 'D:/Classes/Embedded/EmbeddedFinal/Final/Final.runs/impl_1/usage_statistics_webtalk.xml' has been successfully sent to Xilinx on Mon Dec 18 15:44:35 2017. For additional details about this file, please refer to the WebTalk help file at C:/Xilinx/Vivado/2017.2/doc/webtalk_introduction.html.
69 Infos, 7 Warnings, 6 Critical Warnings and 0 Errors encountered.
write_bitstream completed successfully
write_bitstream: Time (s): cpu = 00:00:48 ; elapsed = 00:00:46 . Memory (MB): peak = 1448.035 ; gain = 347.883
INFO: [Common 17-206] Exiting Vivado at Mon Dec 18 15:44:35 2017...
